c:\users\hp\desktop\simple\crackme\release\crackme.pch
c:\users\hp\desktop\simple\crackme\release\vc142.pdb
c:\users\hp\desktop\simple\crackme\release\pch.obj
c:\users\hp\desktop\simple\crackme\release\crackmedlg.obj
c:\users\hp\desktop\simple\crackme\release\crackme.obj
c:\users\hp\desktop\simple\crackme\release\crackme.ipdb
c:\users\hp\desktop\simple\crackme\release\crackme.iobj
c:\users\hp\desktop\simple\crackme\release\crackme.exe
c:\users\hp\desktop\simple\crackme\release\crackme.pdb
c:\users\hp\desktop\simple\crackme\release\crackme.res
c:\users\hp\desktop\simple\crackme\release\crackme.tlog\cl.command.1.tlog
c:\users\hp\desktop\simple\crackme\release\crackme.tlog\cl.read.1.tlog
c:\users\hp\desktop\simple\crackme\release\crackme.tlog\cl.write.1.tlog
c:\users\hp\desktop\simple\crackme\release\crackme.tlog\crackme.write.1u.tlog
c:\users\hp\desktop\simple\crackme\release\crackme.tlog\link.command.1.tlog
c:\users\hp\desktop\simple\crackme\release\crackme.tlog\link.read.1.tlog
c:\users\hp\desktop\simple\crackme\release\crackme.tlog\link.write.1.tlog
c:\users\hp\desktop\simple\crackme\release\crackme.tlog\rc.command.1.tlog
c:\users\hp\desktop\simple\crackme\release\crackme.tlog\rc.read.1.tlog
c:\users\hp\desktop\simple\crackme\release\crackme.tlog\rc.write.1.tlog
